[0m[[0m[0mdebug[0m] [0m[0m> Exec(;Test/compile; collectAnalyses, None, Some(CommandSource(network-1)))[0m
[0m[[0m[0mdebug[0m] [0m[0munmatched Processing event for requestId None: None[0m
[0m[[0m[0mdebug[0m] [0m[0munmatched Done event for requestId None: None[0m
[0m[[0m[0mdebug[0m] [0m[0m> Exec(Test/compile, None, Some(CommandSource(network-1)))[0m
[0m[[0m[0mdebug[0m] [0m[0munmatched Processing event for requestId None: None[0m
[0m[[0m[0mdebug[0m] [0m[0mEvaluating tasks: Test / compile[0m
[0m[[0m[0mdebug[0m] [0m[0mRunning task... Cancel: Signal, check cycles: false, forcegc: true[0m
[0m[[0m[0mdebug[0m] [0m[0mjsonRpcNotify: JsonRpcNotificationMessage(2.0, build/taskStart, {"taskId":{"id":"8","parents":[]},"eventTime":1660450343918,"message":"Compiling us-census-capstone","dataKind":"compile-task","data":{"target":{"uri":"file:/C:/Users/wamee/Documents/GitHub/US-Census-Capstone/#us-census-capstone/Compile"}}})[0m
[0m[[0m[0minfo[0m] [0m[0mcompiling 3 Scala sources to C:\Users\wamee\Documents\GitHub\US-Census-Capstone\target\scala-2.11\classes ...[0m
[0m[[0m[0mdebug[0m] [0m[0mjsonRpcNotify: JsonRpcNotificationMessage(2.0, build/logMessage, {"type":3,"message":"compiling 3 Scala sources to C:\\Users\\wamee\\Documents\\GitHub\\US-Census-Capstone\\target\\scala-2.11\\classes ..."})[0m
[0m[[0m[0mdebug[0m] [0m[0mjsonRpcNotify: JsonRpcNotificationMessage(2.0, build/publishDiagnostics, {"textDocument":{"uri":"file:///C:/Users/wamee/Documents/GitHub/US-Census-Capstone/src/main/scala/s3.scala"},"buildTarget":{"uri":"file:/C:/Users/wamee/Documents/GitHub/US-Census-Capstone/#us-census-capstone/Compile"},"diagnostics":[{"range":{"start":{"line":20,"character":72},"end":{"line":20,"character":73}},"severity":1,"source":"sbt","message":"not found: value accessKey"}],"reset":false})[0m
[0m[[0m[31merror[0m] [0m[0mC:\Users\wamee\Documents\GitHub\US-Census-Capstone\src\main\scala\s3.scala:21:73: not found: value accessKey[0m
[0m[[0m[31merror[0m] [0m[0m        spark.sparkContext.hadoopConfiguration.set("fs.s3a.access.key", accessKey)[0m
[0m[[0m[31merror[0m] [0m[0m                                                                        ^[0m
[0m[[0m[0mdebug[0m] [0m[0mjsonRpcNotify: JsonRpcNotificationMessage(2.0, build/logMessage, {"type":1,"message":"C:\\Users\\wamee\\Documents\\GitHub\\US-Census-Capstone\\src\\main\\scala\\s3.scala:21:73: not found: value accessKey"})[0m
[0m[[0m[0mdebug[0m] [0m[0mjsonRpcNotify: JsonRpcNotificationMessage(2.0, build/logMessage, {"type":1,"message":"        spark.sparkContext.hadoopConfiguration.set(\"fs.s3a.access.key\", accessKey)"})[0m
[0m[[0m[0mdebug[0m] [0m[0mjsonRpcNotify: JsonRpcNotificationMessage(2.0, build/logMessage, {"type":1,"message":"                                                                        ^"})[0m
[0m[[0m[0mdebug[0m] [0m[0mjsonRpcNotify: JsonRpcNotificationMessage(2.0, build/publishDiagnostics, {"textDocument":{"uri":"file:///C:/Users/wamee/Documents/GitHub/US-Census-Capstone/src/main/scala/s3.scala"},"buildTarget":{"uri":"file:/C:/Users/wamee/Documents/GitHub/US-Census-Capstone/#us-census-capstone/Compile"},"diagnostics":[{"range":{"start":{"line":21,"character":72},"end":{"line":21,"character":73}},"severity":1,"source":"sbt","message":"not found: value secretAccessKey"}],"reset":false})[0m
[0m[[0m[31merror[0m] [0m[0mC:\Users\wamee\Documents\GitHub\US-Census-Capstone\src\main\scala\s3.scala:22:73: not found: value secretAccessKey[0m
[0m[[0m[31merror[0m] [0m[0m        spark.sparkContext.hadoopConfiguration.set("fs.s3a.secret.key", secretAccessKey)[0m
[0m[[0m[31merror[0m] [0m[0m                                                                        ^[0m
[0m[[0m[0mdebug[0m] [0m[0mjsonRpcNotify: JsonRpcNotificationMessage(2.0, build/logMessage, {"type":1,"message":"C:\\Users\\wamee\\Documents\\GitHub\\US-Census-Capstone\\src\\main\\scala\\s3.scala:22:73: not found: value secretAccessKey"})[0m
[0m[[0m[0mdebug[0m] [0m[0mjsonRpcNotify: JsonRpcNotificationMessage(2.0, build/logMessage, {"type":1,"message":"        spark.sparkContext.hadoopConfiguration.set(\"fs.s3a.secret.key\", secretAccessKey)"})[0m
[0m[[0m[0mdebug[0m] [0m[0mjsonRpcNotify: JsonRpcNotificationMessage(2.0, build/logMessage, {"type":1,"message":"                                                                        ^"})[0m
[0m[[0m[0mdebug[0m] [0m[0mjsonRpcNotify: JsonRpcNotificationMessage(2.0, build/publishDiagnostics, {"textDocument":{"uri":"file:///C:/Users/wamee/Documents/GitHub/US-Census-Capstone/src/main/scala/s3.scala"},"buildTarget":{"uri":"file:/C:/Users/wamee/Documents/GitHub/US-Census-Capstone/#us-census-capstone/Compile"},"diagnostics":[{"range":{"start":{"line":113,"character":28},"end":{"line":113,"character":29}},"severity":1,"source":"sbt","message":"not found: value bucket"}],"reset":false})[0m
[0m[[0m[31merror[0m] [0m[0mC:\Users\wamee\Documents\GitHub\US-Census-Capstone\src\main\scala\s3.scala:114:29: not found: value bucket[0m
[0m[[0m[31merror[0m] [0m[0m            .save(s"s3a://${bucket}/census_2020_2")[0m
[0m[[0m[31merror[0m] [0m[0m                            ^[0m
[0m[[0m[0mdebug[0m] [0m[0mjsonRpcNotify: JsonRpcNotificationMessage(2.0, build/logMessage, {"type":1,"message":"C:\\Users\\wamee\\Documents\\GitHub\\US-Census-Capstone\\src\\main\\scala\\s3.scala:114:29: not found: value bucket"})[0m
[0m[[0m[0mdebug[0m] [0m[0mjsonRpcNotify: JsonRpcNotificationMessage(2.0, build/logMessage, {"type":1,"message":"            .save(s\"s3a://${bucket}/census_2020_2\")"})[0m
[0m[[0m[0mdebug[0m] [0m[0mjsonRpcNotify: JsonRpcNotificationMessage(2.0, build/logMessage, {"type":1,"message":"                            ^"})[0m
[0m[[0m[0mdebug[0m] [0m[0mjsonRpcNotify: JsonRpcNotificationMessage(2.0, build/publishDiagnostics, {"textDocument":{"uri":"file:///C:/Users/wamee/Documents/GitHub/US-Census-Capstone/src/main/scala/s3.scala"},"buildTarget":{"uri":"file:/C:/Users/wamee/Documents/GitHub/US-Census-Capstone/#us-census-capstone/Compile"},"diagnostics":[{"range":{"start":{"line":116,"character":61},"end":{"line":116,"character":62}},"severity":1,"source":"sbt","message":"not found: value bucket"}],"reset":false})[0m
[0m[[0m[31merror[0m] [0m[0mC:\Users\wamee\Documents\GitHub\US-Census-Capstone\src\main\scala\s3.scala:117:62: not found: value bucket[0m
[0m[[0m[31merror[0m] [0m[0m        val parquet_2_2020_s3 = spark.read.parquet(s"s3a://${bucket}/census_2020_2")[0m
[0m[[0m[31merror[0m] [0m[0m                                                             ^[0m
[0m[[0m[0mdebug[0m] [0m[0mjsonRpcNotify: JsonRpcNotificationMessage(2.0, build/logMessage, {"type":1,"message":"C:\\Users\\wamee\\Documents\\GitHub\\US-Census-Capstone\\src\\main\\scala\\s3.scala:117:62: not found: value bucket"})[0m
[0m[[0m[0mdebug[0m] [0m[0mjsonRpcNotify: JsonRpcNotificationMessage(2.0, build/logMessage, {"type":1,"message":"        val parquet_2_2020_s3 = spark.read.parquet(s\"s3a://${bucket}/census_2020_2\")"})[0m
[0m[[0m[0mdebug[0m] [0m[0mjsonRpcNotify: JsonRpcNotificationMessage(2.0, build/logMessage, {"type":1,"message":"                                                             ^"})[0m
[0m[[0m[31merror[0m] [0m[0mfour errors found[0m
[0m[[0m[0mdebug[0m] [0m[0mjsonRpcNotify: JsonRpcNotificationMessage(2.0, build/logMessage, {"type":1,"message":"four errors found"})[0m
[0m[[0m[0mdebug[0m] [0m[0mjsonRpcNotify: JsonRpcNotificationMessage(2.0, build/publishDiagnostics, {"textDocument":{"uri":"file:///C:/Users/wamee/Documents/GitHub/US-Census-Capstone/src/main/scala/project.scala"},"buildTarget":{"uri":"file:/C:/Users/wamee/Documents/GitHub/US-Census-Capstone/#us-census-capstone/Compile"},"diagnostics":[],"reset":true})[0m
[0m[[0m[0mdebug[0m] [0m[0mjsonRpcNotify: JsonRpcNotificationMessage(2.0, build/publishDiagnostics, {"textDocument":{"uri":"file:///C:/Users/wamee/Documents/GitHub/US-Census-Capstone/src/main/scala/readCsvToParque.scala"},"buildTarget":{"uri":"file:/C:/Users/wamee/Documents/GitHub/US-Census-Capstone/#us-census-capstone/Compile"},"diagnostics":[],"reset":true})[0m
[0m[[0m[0mdebug[0m] [0m[0mjsonRpcNotify: JsonRpcNotificationMessage(2.0, build/publishDiagnostics, {"textDocument":{"uri":"file:///C:/Users/wamee/Documents/GitHub/US-Census-Capstone/src/main/scala/s3.scala"},"buildTarget":{"uri":"file:/C:/Users/wamee/Documents/GitHub/US-Census-Capstone/#us-census-capstone/Compile"},"diagnostics":[{"range":{"start":{"line":20,"character":72},"end":{"line":20,"character":73}},"severity":1,"source":"sbt","message":"not found: value accessKey"},{"range":{"start":{"line":21,"character":72},"end":{"line":21,"character":73}},"severity":1,"source":"sbt","message":"not found: value secretAccessKey"},{"range":{"start":{"line":113,"character":28},"end":{"line":113,"character":29}},"severity":1,"source":"sbt","message":"not found: value bucket"},{"range":{"start":{"line":116,"character":61},"end":{"line":116,"character":62}},"severity":1,"source":"sbt","message":"not found: value bucket"}],"reset":true})[0m
[0m[[0m[0mdebug[0m] [0m[0mjsonRpcNotify: JsonRpcNotificationMessage(2.0, build/taskFinish, {"taskId":{"id":"8","parents":[]},"eventTime":1660450345575,"message":"Compiled us-census-capstone","status":2,"dataKind":"compile-report","data":{"target":{"uri":"file:/C:/Users/wamee/Documents/GitHub/US-Census-Capstone/#us-census-capstone/Compile"},"errors":4,"warnings":0,"time":1657}})[0m
[0m[[0m[0mdebug[0m] [0m[0mForcing garbage collection...[0m
[0m[[0m[0mdebug[0m] [0m[0munmatched json error for requestId None: {"code":-32603,"message":"(Compile / \u001b[31mcompileIncremental\u001b[0m) Compilation failed"}[0m
[0m[[0m[31merror[0m] [0m[0m(Compile / [31mcompileIncremental[0m) Compilation failed[0m
[0m[[0m[0mdebug[0m] [0m[0mjsonRpcNotify: JsonRpcNotificationMessage(2.0, build/logMessage, {"type":1,"message":"(Compile / \u001b[31mcompileIncremental\u001b[0m) Compilation failed"})[0m
[0m[[0m[31merror[0m] [0m[0mTotal time: 3 s, completed Aug 13, 2022 11:12:26 PM[0m
[0m[[0m[0mdebug[0m] [0m[0munmatched Done event for requestId None: None[0m
[0m[[0m[0mdebug[0m] [0m[0m> Exec(shell, None, None)[0m
