2022.08.10 17:15:39 INFO  tracing is disabled for protocol LSP, to enable tracing of incoming and outgoing JSON messages create an empty file at c:\Users\Home\Desktop\reskillng\census_project\.metals\lsp.trace.json or C:\Users\Home\AppData\Local\scalameta\metals\cache\lsp.trace.json
2022.08.10 17:16:11 INFO  tracing is disabled for protocol LSP, to enable tracing of incoming and outgoing JSON messages create an empty file at c:\Users\Home\Desktop\reskillng\census_project\.metals\lsp.trace.json or C:\Users\Home\AppData\Local\scalameta\metals\cache\lsp.trace.json
2022.08.10 17:16:13 INFO  logging to file C:\Users\Home\Desktop\reskillng\census_project\.metals\metals.log
2022.08.10 17:16:13 INFO  Started: Metals version 0.11.8 in workspace 'C:\Users\Home\Desktop\reskillng\census_project' for client Visual Studio Code 1.70.1.
2022.08.10 17:16:13 WARN  Can't instantiate JavaInteractiveSemanticdb (version: JdkVersion(8), jdkHome: C:\Program Files\Java\jre1.8.0_333, javac exists: false)
2022.08.10 17:16:15 WARN  Flyway upgrade recommended: H2 2.1.214 is newer than this version of Flyway and support has not been tested. The latest supported version of H2 is 2.1.210.
2022.08.10 17:16:16 INFO  time: initialize in 2.63s
2022.08.10 17:16:17 WARN  Build server is not auto-connectable.
2022.08.10 17:16:17 WARN  no build target for: C:\Users\Home\Desktop\reskillng\census_project\build.sbt
2022.08.10 17:16:20 INFO  running 'C:\Program Files\Java\jre1.8.0_333\bin\java -Djline.terminal=jline.UnsupportedTerminal -Dsbt.log.noformat=true -Dfile.encoding=UTF-8 -jar C:\Users\Home\AppData\Local\Temp\metals5364198252775436866\sbt-launch.jar -Dbloop.export-jar-classifiers=sources bloopInstall'
2022.08.10 17:16:25 INFO  no build target found for C:\Users\Home\Desktop\reskillng\census_project\build.sbt. Using presentation compiler with project's scala-library version: 3.1.3
2022.08.10 17:16:28 INFO  [info] welcome to sbt 1.6.2 (Oracle Corporation Java 1.8.0_333)
2022.08.10 17:16:31 INFO  time: code lens generation in 12s
2022.08.10 17:16:31 INFO  time: code lens generation in 9.69s
2022.08.10 17:16:36 INFO  [info] loading settings for project census_project-build-build from metals.sbt ...
2022.08.10 17:16:38 INFO  [info] loading project definition from C:\Users\Home\Desktop\reskillng\census_project\project\project
2022.08.10 17:16:40 WARN  no build target for: C:\Users\Home\Desktop\reskillng\census_project\src\main\scala\readCsvToParque.scala
2022.08.10 17:16:48 INFO  [info] loading settings for project census_project-build from metals.sbt ...
2022.08.10 17:16:48 INFO  [info] loading project definition from C:\Users\Home\Desktop\reskillng\census_project\project
2022.08.10 17:16:53 WARN  no build target for: C:\Users\Home\Desktop\reskillng\census_project\src\main\scala\readCsvToParque.scala
2022.08.10 17:16:55 INFO  [success] Generated .bloop\census_project-build.json
2022.08.10 17:16:55 INFO  [success] Total time: 7 s, completed Aug 10, 2022 5:16:55 PM
2022.08.10 17:16:59 WARN  no build target for: C:\Users\Home\Desktop\reskillng\census_project\src\main\scala\readCsvToParque.scala
2022.08.10 17:17:01 INFO  [info] loading settings for project census_project from build.sbt ...
2022.08.10 17:17:01 INFO  [info] set current project to project2 (in build file:/C:/Users/Home/Desktop/reskillng/census_project/)
Aug 10, 2022 5:17:03 PM org.eclipse.lsp4j.jsonrpc.RemoteEndpoint handleCancellation
WARNING: Unmatched cancel notification for request id 29
2022.08.10 17:17:03 WARN  no build target for: C:\Users\Home\Desktop\reskillng\census_project\src\main\scala\readCsvToParque.scala
2022.08.10 17:17:19 INFO  [success] Generated .bloop\census_project.json
2022.08.10 17:17:19 INFO  [success] Generated .bloop\census_project-test.json
2022.08.10 17:17:19 INFO  [success] Total time: 17 s, completed Aug 10, 2022 5:17:19 PM
2022.08.10 17:17:19 INFO  time: ran 'sbt bloopInstall' in 59s
2022.08.10 17:17:19 INFO  Attempting to connect to the build server...
2022.08.10 17:17:19 INFO  Bloop uses C:\Program Files\Java\jre1.8.0_333 defined at C:\Users\Home\.bloop\bloop.json
2022.08.10 17:17:19 INFO  tracing is disabled for protocol BSP, to enable tracing of incoming and outgoing JSON messages create an empty file at C:\Users\Home\Desktop\reskillng\census_project\.metals\bsp.trace.json or C:\Users\Home\AppData\Local\scalameta\metals\cache\bsp.trace.json
2022.08.10 17:17:29 INFO  Attempting to connect to the build server...
2022.08.10 17:17:29 INFO  Bloop uses C:\Program Files\Java\jre1.8.0_333 defined at C:\Users\Home\.bloop\bloop.json
2022.08.10 17:17:29 INFO  tracing is disabled for protocol BSP, to enable tracing of incoming and outgoing JSON messages create an empty file at C:\Users\Home\Desktop\reskillng\census_project\project\.metals\bsp.trace.json or C:\Users\Home\AppData\Local\scalameta\metals\cache\bsp.trace.json
2022.08.10 17:17:33 INFO  time: Connected to build server in 14s
2022.08.10 17:17:33 INFO  Connected to Build server: Bloop v1.5.2
2022.08.10 17:17:34 INFO  time: Imported build in 0.16s
2022.08.10 17:17:52 WARN  Could not find java sources in C:\Program Files\Java\src.zip, C:\Program Files\Java\lib\src.zip, C:\Program Files\Java\jre1.8.0_333\src.zip, C:\Program Files\Java\jre1.8.0_333\lib\src.zip. Java symbols will not be available.
2022.08.10 17:18:00 WARN  Could not find java sources in C:\Program Files\Java\src.zip, C:\Program Files\Java\lib\src.zip, C:\Program Files\Java\jre1.8.0_333\src.zip, C:\Program Files\Java\jre1.8.0_333\lib\src.zip. Java symbols will not be available.
2022.08.10 17:18:00 INFO  time: indexed workspace in 25s
2022.08.10 17:18:00 INFO  compiling census_project (2 scala sources)
2022.08.10 17:18:07 INFO  time: compiled census_project in 6.86s
2022.08.10 17:18:09 INFO  compiling census_project (1 scala source)
2022.08.10 17:18:15 INFO  time: compiled census_project in 5.26s
2022.08.10 17:18:39 INFO  compiling census_project (1 scala source)
2022.08.10 17:18:42 INFO  time: compiled census_project in 2.94s
Aug 10, 2022 5:48:48 PM org.eclipse.lsp4j.jsonrpc.services.GenericEndpoint notify
INFO: Unsupported notification method: $/setTrace
2022.08.10 17:55:51 INFO  compiling census_project (1 scala source)
2022.08.10 17:55:52 INFO  time: compiled census_project in 1.42s
2022.08.10 17:55:54 INFO  compiling census_project (1 scala source)
2022.08.10 17:55:58 INFO  time: compiled census_project in 3.81s
2022.08.10 17:58:47 INFO  shutting down Metals
2022.08.10 17:58:47 INFO  Shut down connection with build server.
2022.08.10 17:58:47 INFO  Shut down connection with build server.
2022.08.10 18:00:33 INFO  tracing is disabled for protocol LSP, to enable tracing of incoming and outgoing JSON messages create an empty file at c:\Users\Home\Desktop\reskillng\census_project\.metals\lsp.trace.json or C:\Users\Home\AppData\Local\scalameta\metals\cache\lsp.trace.json
2022.08.10 18:00:36 INFO  logging to file C:\Users\Home\Desktop\reskillng\census_project\.metals\metals.log
2022.08.10 18:00:36 INFO  Started: Metals version 0.11.8 in workspace 'C:\Users\Home\Desktop\reskillng\census_project' for client Visual Studio Code 1.70.1.
2022.08.10 18:00:36 WARN  Can't instantiate JavaInteractiveSemanticdb (version: JdkVersion(8), jdkHome: C:\Program Files\Java\jre1.8.0_333, javac exists: false)
2022.08.10 18:00:37 WARN  Flyway upgrade recommended: H2 2.1.214 is newer than this version of Flyway and support has not been tested. The latest supported version of H2 is 2.1.210.
2022.08.10 18:00:38 INFO  time: initialize in 2.38s
2022.08.10 18:00:39 INFO  Attempting to connect to the build server...
2022.08.10 18:00:39 INFO  Bloop uses C:\Program Files\Java\jre1.8.0_333 defined at C:\Users\Home\.bloop\bloop.json
2022.08.10 18:00:39 INFO  skipping build import with status 'Installed'
2022.08.10 18:00:41 INFO  tracing is disabled for protocol BSP, to enable tracing of incoming and outgoing JSON messages create an empty file at C:\Users\Home\Desktop\reskillng\census_project\.metals\bsp.trace.json or C:\Users\Home\AppData\Local\scalameta\metals\cache\bsp.trace.json
2022.08.10 18:00:41 INFO  Attempting to connect to the build server...
2022.08.10 18:00:41 INFO  Bloop uses C:\Program Files\Java\jre1.8.0_333 defined at C:\Users\Home\.bloop\bloop.json
2022.08.10 18:00:41 INFO  tracing is disabled for protocol BSP, to enable tracing of incoming and outgoing JSON messages create an empty file at C:\Users\Home\Desktop\reskillng\census_project\project\.metals\bsp.trace.json or C:\Users\Home\AppData\Local\scalameta\metals\cache\bsp.trace.json
2022.08.10 18:00:41 INFO  time: Connected to build server in 2.2s
2022.08.10 18:00:41 INFO  Connected to Build server: Bloop v1.5.2
2022.08.10 18:00:46 INFO  no build target found for C:\Users\Home\Desktop\reskillng\census_project\src\main\scala\readCsvToParque.scala. Using presentation compiler with project's scala-library version: 3.1.3
2022.08.10 18:00:46 INFO  time: code lens generation in 6.78s
2022.08.10 18:00:46 INFO  time: Imported build in 0.23s
2022.08.10 18:00:52 WARN  Could not find java sources in C:\Program Files\Java\src.zip, C:\Program Files\Java\lib\src.zip, C:\Program Files\Java\jre1.8.0_333\src.zip, C:\Program Files\Java\jre1.8.0_333\lib\src.zip. Java symbols will not be available.
2022.08.10 18:00:55 WARN  Could not find java sources in C:\Program Files\Java\src.zip, C:\Program Files\Java\lib\src.zip, C:\Program Files\Java\jre1.8.0_333\src.zip, C:\Program Files\Java\jre1.8.0_333\lib\src.zip. Java symbols will not be available.
2022.08.10 18:00:55 INFO  time: indexed workspace in 9s
Aug 10, 2022 6:00:58 PM org.eclipse.lsp4j.jsonrpc.RemoteEndpoint handleNotification
WARNING: Notification threw an exception: {
  "jsonrpc": "2.0",
  "method": "build/taskFinish",
  "params": {
    "taskId": {
      "id": "1"
    },
    "eventTime": 1660168856129,
    "message": "Compiled \u0027census_project\u0027",
    "status": 1,
    "dataKind": "compile-report",
    "data": {
      "target": {
        "uri": "file:/C:/Users/Home/Desktop/reskillng/census_project/?id\u003dcensus_project"
      },
      "errors": 0,
      "warnings": 0,
      "isNoOp": true,
      "isLastCycle": true,
      "clientDir": "file:///C:/Users/Home/Desktop/reskillng/census_project/.bloop/census_project/bloop-bsp-clients-classes/classes-Metals-ZroHEQQuTimyYbdZbMM8_w\u003d\u003d/",
      "analysisOut": "file:///C:/Users/Home/Desktop/reskillng/census_project/.bloop/census_project/census_project-analysis.bin"
    }
  }
}
java.lang.RuntimeException: java.lang.reflect.InvocationTargetException
	at org.eclipse.lsp4j.jsonrpc.services.GenericEndpoint.lambda$null$0(GenericEndpoint.java:67)
	at org.eclipse.lsp4j.jsonrpc.services.GenericEndpoint.notify(GenericEndpoint.java:152)
	at org.eclipse.lsp4j.jsonrpc.RemoteEndpoint.handleNotification(RemoteEndpoint.java:220)
	at org.eclipse.lsp4j.jsonrpc.RemoteEndpoint.consume(RemoteEndpoint.java:187)
	at org.eclipse.lsp4j.jsonrpc.json.StreamMessageProducer.handleMessage(StreamMessageProducer.java:194)
	at org.eclipse.lsp4j.jsonrpc.json.StreamMessageProducer.listen(StreamMessageProducer.java:94)
	at org.eclipse.lsp4j.jsonrpc.json.ConcurrentMessageProcessor.run(ConcurrentMessageProcessor.java:113)
	at java.util.concurrent.Executors$RunnableAdapter.call(Unknown Source)
	at java.util.concurrent.FutureTask.run(Unknown Source)
	at java.util.concurrent.ThreadPoolExecutor.runWorker(Unknown Source)
	at java.util.concurrent.ThreadPoolExecutor$Worker.run(Unknown Source)
	at java.lang.Thread.run(Unknown Source)
Caused by: java.lang.reflect.InvocationTargetException
	at sun.reflect.NativeMethodAccessorImpl.invoke0(Native Method)
	at sun.reflect.NativeMethodAccessorImpl.invoke(Unknown Source)
	at sun.reflect.DelegatingMethodAccessorImpl.invoke(Unknown Source)
	at java.lang.reflect.Method.invoke(Unknown Source)
	at org.eclipse.lsp4j.jsonrpc.services.GenericEndpoint.lambda$null$0(GenericEndpoint.java:65)
	... 11 more
Caused by: java.lang.NullPointerException
	at scala.meta.internal.metals.Compilers.$anonfun$didCompile$3(Compilers.scala:247)
	at scala.meta.internal.metals.Compilers.$anonfun$didCompile$3$adapted(Compilers.scala:245)
	at scala.Option.foreach(Option.scala:437)
	at scala.meta.internal.metals.Compilers.$anonfun$didCompile$2(Compilers.scala:245)
	at scala.meta.internal.metals.Compilers.$anonfun$didCompile$2$adapted(Compilers.scala:244)
	at scala.collection.mutable.HashSet$Node.foreach(HashSet.scala:435)
	at scala.collection.mutable.HashSet.foreach(HashSet.scala:361)
	at scala.meta.internal.metals.Compilers.didCompile(Compilers.scala:244)
	at scala.meta.internal.metals.MetalsLanguageServer.$anonfun$updateWorkspaceDirectory$14(MetalsLanguageServer.scala:453)
	at scala.meta.internal.metals.MetalsLanguageServer.$anonfun$updateWorkspaceDirectory$14$adapted(MetalsLanguageServer.scala:451)
	at scala.meta.internal.metals.clients.language.ForwardingMetalsBuildClient.$anonfun$buildTaskFinish$2(ForwardingMetalsBuildClient.scala:160)
	at scala.Option.foreach(Option.scala:437)
	at scala.meta.internal.metals.clients.language.ForwardingMetalsBuildClient.$anonfun$buildTaskFinish$1(ForwardingMetalsBuildClient.scala:157)
	at scala.meta.internal.metals.clients.language.ForwardingMetalsBuildClient.$anonfun$buildTaskFinish$1$adapted(ForwardingMetalsBuildClient.scala:156)
	at scala.Option.foreach(Option.scala:437)
	at scala.meta.internal.metals.clients.language.ForwardingMetalsBuildClient.buildTaskFinish(ForwardingMetalsBuildClient.scala:156)
	... 16 more

Aug 10, 2022 6:05:40 PM org.eclipse.lsp4j.jsonrpc.services.GenericEndpoint notify
INFO: Unsupported notification method: $/setTrace
Aug 10, 2022 6:05:41 PM org.eclipse.lsp4j.jsonrpc.services.GenericEndpoint notify
INFO: Unsupported notification method: $/setTrace
Aug 10, 2022 6:14:26 PM org.eclipse.lsp4j.jsonrpc.RemoteEndpoint fallbackResponseError
SEVERE: Internal error: java.lang.ArrayIndexOutOfBoundsException: 7145
java.util.concurrent.CompletionException: java.lang.ArrayIndexOutOfBoundsException: 7145
	at java.util.concurrent.CompletableFuture.encodeThrowable(Unknown Source)
	at java.util.concurrent.CompletableFuture.completeThrowable(Unknown Source)
	at java.util.concurrent.CompletableFuture.uniAccept(Unknown Source)
	at java.util.concurrent.CompletableFuture$UniAccept.tryFire(Unknown Source)
	at java.util.concurrent.CompletableFuture.postComplete(Unknown Source)
	at java.util.concurrent.CompletableFuture.completeExceptionally(Unknown Source)
	at scala.meta.internal.metals.CancelTokens$.$anonfun$future$1(CancelTokens.scala:40)
	at scala.meta.internal.metals.CancelTokens$.$anonfun$future$1$adapted(CancelTokens.scala:38)
	at scala.concurrent.impl.Promise$Transformation.run(Promise.scala:484)
	at java.util.concurrent.ThreadPoolExecutor.runWorker(Unknown Source)
	at java.util.concurrent.ThreadPoolExecutor$Worker.run(Unknown Source)
	at java.lang.Thread.run(Unknown Source)
Caused by: java.lang.ArrayIndexOutOfBoundsException: 7145
	at scala.meta.internal.parsing.FoldingRangeExtractor$Foldable$.isScala3BlockWithoutOptionalBraces(FoldingRangeExtractor.scala:248)
	at scala.meta.internal.parsing.FoldingRangeExtractor$Foldable$.unapply(FoldingRangeExtractor.scala:199)
	at scala.meta.internal.parsing.FoldingRangeExtractor.extractFrom(FoldingRangeExtractor.scala:36)
	at scala.meta.internal.parsing.FoldingRangeExtractor.$anonfun$extractFrom$2(FoldingRangeExtractor.scala:56)
	at scala.meta.internal.parsing.FoldingRangeExtractor.$anonfun$extractFrom$2$adapted(FoldingRangeExtractor.scala:51)
	at scala.collection.immutable.List.foreach(List.scala:333)
	at scala.meta.internal.parsing.FoldingRangeExtractor.extractFrom(FoldingRangeExtractor.scala:51)
	at scala.meta.internal.parsing.FoldingRangeExtractor.$anonfun$extractFrom$2(FoldingRangeExtractor.scala:56)
	at scala.meta.internal.parsing.FoldingRangeExtractor.$anonfun$extractFrom$2$adapted(FoldingRangeExtractor.scala:51)
	at scala.collection.immutable.List.foreach(List.scala:333)
	at scala.meta.internal.parsing.FoldingRangeExtractor.extractFrom(FoldingRangeExtractor.scala:51)
	at scala.meta.internal.parsing.FoldingRangeExtractor.$anonfun$extractFrom$2(FoldingRangeExtractor.scala:56)
	at scala.meta.internal.parsing.FoldingRangeExtractor.$anonfun$extractFrom$2$adapted(FoldingRangeExtractor.scala:51)
	at scala.collection.immutable.List.foreach(List.scala:333)
	at scala.meta.internal.parsing.FoldingRangeExtractor.extractFrom(FoldingRangeExtractor.scala:51)
	at scala.meta.internal.parsing.FoldingRangeExtractor.extract(FoldingRangeExtractor.scala:29)
	at scala.meta.internal.parsing.FoldingRangeProvider.$anonfun$getRangedForScala$3(FoldingRangeProvider.scala:40)
	at scala.Option.map(Option.scala:242)
	at scala.meta.internal.parsing.FoldingRangeProvider.$anonfun$getRangedForScala$2(FoldingRangeProvider.scala:33)
	at scala.Option$WithFilter.flatMap(Option.scala:283)
	at scala.meta.internal.parsing.FoldingRangeProvider.getRangedForScala(FoldingRangeProvider.scala:31)
	at scala.meta.internal.metals.MetalsLanguageServer.$anonfun$foldingRange$2(MetalsLanguageServer.scala:1705)
	at scala.concurrent.impl.Promise$Transformation.run(Promise.scala:467)
	... 3 more

2022.08.10 18:27:20 INFO  shutting down Metals
2022.08.10 18:27:20 INFO  Shut down connection with build server.
2022.08.10 18:27:20 INFO  Shut down connection with build server.
2022.08.10 19:42:26 INFO  tracing is disabled for protocol LSP, to enable tracing of incoming and outgoing JSON messages create an empty file at c:\Users\Home\Desktop\reskillng\census_project_git\.metals\lsp.trace.json or C:\Users\Home\AppData\Local\scalameta\metals\cache\lsp.trace.json
2022.08.10 19:42:27 INFO  logging to file C:\Users\Home\Desktop\reskillng\census_project_git\.metals\metals.log
2022.08.10 19:42:27 INFO  Started: Metals version 0.11.8 in workspace 'C:\Users\Home\Desktop\reskillng\census_project_git' for client Visual Studio Code 1.70.1.
2022.08.10 19:42:27 WARN  Can't instantiate JavaInteractiveSemanticdb (version: JdkVersion(8), jdkHome: C:\Program Files\Java\jre1.8.0_333, javac exists: false)
2022.08.10 19:42:32 WARN  Flyway upgrade recommended: H2 2.1.214 is newer than this version of Flyway and support has not been tested. The latest supported version of H2 is 2.1.210.
2022.08.10 19:42:32 INFO  time: initialize in 5.27s
2022.08.10 19:42:32 INFO  Attempting to connect to the build server...
2022.08.10 19:42:32 INFO  Bloop uses C:\Program Files\Java\jre1.8.0_333 defined at C:\Users\Home\.bloop\bloop.json
2022.08.10 19:42:34 INFO  tracing is disabled for protocol BSP, to enable tracing of incoming and outgoing JSON messages create an empty file at C:\Users\Home\Desktop\reskillng\census_project_git\.metals\bsp.trace.json or C:\Users\Home\AppData\Local\scalameta\metals\cache\bsp.trace.json
2022.08.10 19:42:34 INFO  Attempting to connect to the build server...
2022.08.10 19:42:34 INFO  Bloop uses C:\Program Files\Java\jre1.8.0_333 defined at C:\Users\Home\.bloop\bloop.json
2022.08.10 19:42:34 INFO  tracing is disabled for protocol BSP, to enable tracing of incoming and outgoing JSON messages create an empty file at C:\Users\Home\Desktop\reskillng\census_project_git\project\.metals\bsp.trace.json or C:\Users\Home\AppData\Local\scalameta\metals\cache\bsp.trace.json
2022.08.10 19:42:34 INFO  time: Connected to build server in 1.03s
2022.08.10 19:42:34 INFO  Connected to Build server: Bloop v1.5.2
2022.08.10 19:42:36 INFO  running 'C:\Program Files\Java\jre1.8.0_333\bin\java -Djline.terminal=jline.UnsupportedTerminal -Dsbt.log.noformat=true -Dfile.encoding=UTF-8 -jar C:\Users\Home\AppData\Local\Temp\metals6238112245293763319\sbt-launch.jar -Dbloop.export-jar-classifiers=sources bloopInstall'
2022.08.10 19:42:37 INFO  no build target found for C:\Users\Home\Desktop\reskillng\census_project_git\src\main\scala\readCsvToParque.scala. Using presentation compiler with project's scala-library version: 3.1.3
2022.08.10 19:42:37 INFO  time: code lens generation in 4.66s
2022.08.10 19:42:39 INFO  time: Imported build in 0.53s
2022.08.10 19:42:40 INFO  [info] welcome to sbt 1.6.2 (Oracle Corporation Java 1.8.0_333)
2022.08.10 19:42:40 INFO  no build target found for C:\Users\Home\Desktop\reskillng\census_project_git\src\main\scala\readCsvToParque.scala. Using presentation compiler with project's scala-library version: 3.1.3
2022.08.10 19:42:44 INFO  time: code lens generation in 7.29s
2022.08.10 19:42:46 INFO  [info] loading settings for project census_project_git-build-build from metals.sbt ...
2022.08.10 19:42:47 INFO  [info] loading project definition from C:\Users\Home\Desktop\reskillng\census_project_git\project\project
2022.08.10 19:42:52 WARN  Could not find java sources in C:\Program Files\Java\src.zip, C:\Program Files\Java\lib\src.zip, C:\Program Files\Java\jre1.8.0_333\src.zip, C:\Program Files\Java\jre1.8.0_333\lib\src.zip. Java symbols will not be available.
2022.08.10 19:42:53 INFO  [info] loading settings for project census_project_git-build from metals.sbt ...
2022.08.10 19:42:53 INFO  [info] loading project definition from C:\Users\Home\Desktop\reskillng\census_project_git\project
2022.08.10 19:42:59 WARN  Could not find java sources in C:\Program Files\Java\src.zip, C:\Program Files\Java\lib\src.zip, C:\Program Files\Java\jre1.8.0_333\src.zip, C:\Program Files\Java\jre1.8.0_333\lib\src.zip. Java symbols will not be available.
2022.08.10 19:42:59 INFO  time: indexed workspace in 19s
2022.08.10 19:42:59 WARN  no build target for: C:\Users\Home\Desktop\reskillng\census_project_git\src\main\scala\readCsvToParque.scala
2022.08.10 19:42:59 INFO  [success] Generated .bloop\census_project_git-build.json
2022.08.10 19:42:59 INFO  [warn] Removed stale C:\Users\Home\Desktop\reskillng\census_project_git\project\.bloop\census_project-build.json
2022.08.10 19:42:59 WARN  no build target for: C:\Users\Home\Desktop\reskillng\census_project_git\src\main\scala\readCsvToParque.scala
2022.08.10 19:42:59 INFO  [success] Total time: 6 s, completed Aug 10, 2022 7:42:59 PM
2022.08.10 19:43:04 INFO  [info] loading settings for project census_project_git from build.sbt ...
2022.08.10 19:43:04 INFO  [info] set current project to project2 (in build file:/C:/Users/Home/Desktop/reskillng/census_project_git/)
2022.08.10 19:43:10 INFO  [success] Generated .bloop\census_project_git-test.json
2022.08.10 19:43:10 INFO  [success] Generated .bloop\census_project_git.json
2022.08.10 19:43:10 INFO  [warn] Removed stale C:\Users\Home\Desktop\reskillng\census_project_git\.bloop\census_project.json
2022.08.10 19:43:10 INFO  [warn] Removed stale C:\Users\Home\Desktop\reskillng\census_project_git\.bloop\census_project-test.json
2022.08.10 19:43:10 INFO  [success] Total time: 6 s, completed Aug 10, 2022 7:43:11 PM
2022.08.10 19:43:11 INFO  time: ran 'sbt bloopInstall' in 35s
2022.08.10 19:43:11 INFO  Disconnecting from Bloop session...
2022.08.10 19:43:11 INFO  Shut down connection with build server.
2022.08.10 19:43:11 INFO  Shut down connection with build server.
2022.08.10 19:43:11 INFO  Attempting to connect to the build server...
2022.08.10 19:43:11 INFO  Bloop uses C:\Program Files\Java\jre1.8.0_333 defined at C:\Users\Home\.bloop\bloop.json
2022.08.10 19:43:11 INFO  tracing is disabled for protocol BSP, to enable tracing of incoming and outgoing JSON messages create an empty file at C:\Users\Home\Desktop\reskillng\census_project_git\.metals\bsp.trace.json or C:\Users\Home\AppData\Local\scalameta\metals\cache\bsp.trace.json
2022.08.10 19:43:11 INFO  Attempting to connect to the build server...
2022.08.10 19:43:11 INFO  Bloop uses C:\Program Files\Java\jre1.8.0_333 defined at C:\Users\Home\.bloop\bloop.json
2022.08.10 19:43:11 INFO  tracing is disabled for protocol BSP, to enable tracing of incoming and outgoing JSON messages create an empty file at C:\Users\Home\Desktop\reskillng\census_project_git\project\.metals\bsp.trace.json or C:\Users\Home\AppData\Local\scalameta\metals\cache\bsp.trace.json
2022.08.10 19:43:11 INFO  time: Connected to build server in 0.17s
2022.08.10 19:43:11 INFO  Connected to Build server: Bloop v1.5.2
2022.08.10 19:43:11 INFO  time: Imported build in 0.5s
2022.08.10 19:43:16 WARN  Could not find java sources in C:\Program Files\Java\src.zip, C:\Program Files\Java\lib\src.zip, C:\Program Files\Java\jre1.8.0_333\src.zip, C:\Program Files\Java\jre1.8.0_333\lib\src.zip. Java symbols will not be available.
2022.08.10 19:43:17 WARN  Could not find java sources in C:\Program Files\Java\src.zip, C:\Program Files\Java\lib\src.zip, C:\Program Files\Java\jre1.8.0_333\src.zip, C:\Program Files\Java\jre1.8.0_333\lib\src.zip. Java symbols will not be available.
2022.08.10 19:43:17 INFO  time: indexed workspace in 5.7s
2022.08.10 19:43:17 INFO  compiling census_project_git (2 scala sources)
2022.08.10 19:43:22 INFO  time: compiled census_project_git in 5.21s
2022.08.10 19:58:53 INFO  compiling census_project_git (1 scala source)
2022.08.10 19:58:56 INFO  time: compiled census_project_git in 2.95s
2022.08.10 19:59:03 INFO  compiling census_project_git (1 scala source)
2022.08.10 19:59:06 INFO  time: compiled census_project_git in 2.39s
2022.08.10 19:59:10 INFO  compiling census_project_git (1 scala source)
2022.08.10 19:59:10 WARN  Could not load snapshot text for C:\Users\Home\Desktop\reskillng\census_project_git\src\main\scala\project.scala
2022.08.10 19:59:11 WARN  Could not load snapshot text for C:\Users\Home\Desktop\reskillng\census_project_git\src\main\scala\project.scala
2022.08.10 19:59:12 INFO  time: compiled census_project_git in 2.65s
2022.08.10 19:59:15 INFO  compiling census_project_git (1 scala source)
2022.08.10 19:59:17 INFO  time: compiled census_project_git in 2.56s
2022.08.10 19:59:19 INFO  compiling census_project_git (1 scala source)
2022.08.10 19:59:20 WARN  Could not load snapshot text for C:\Users\Home\Desktop\reskillng\census_project_git\src\main\scala\project.scala
2022.08.10 19:59:23 INFO  time: compiled census_project_git in 3.5s
2022.08.10 19:59:25 INFO  compiling census_project_git (1 scala source)
2022.08.10 19:59:28 INFO  time: compiled census_project_git in 2.72s
2022.08.10 19:59:30 WARN  Could not load snapshot text for C:\Users\Home\Desktop\reskillng\census_project_git\src\main\scala\project.scala
2022.08.10 19:59:30 INFO  compiling census_project_git (1 scala source)
2022.08.10 19:59:31 WARN  Could not load snapshot text for C:\Users\Home\Desktop\reskillng\census_project_git\src\main\scala\project.scala
2022.08.10 19:59:32 WARN  Could not load snapshot text for C:\Users\Home\Desktop\reskillng\census_project_git\src\main\scala\project.scala
2022.08.10 19:59:33 INFO  time: compiled census_project_git in 2.62s
2022.08.10 19:59:35 INFO  compiling census_project_git (1 scala source)
2022.08.10 19:59:38 INFO  time: compiled census_project_git in 3.54s
Aug 10, 2022 7:59:47 PM org.eclipse.lsp4j.jsonrpc.RemoteEndpoint fallbackResponseError
SEVERE: Internal error: java.lang.ArrayIndexOutOfBoundsException: 7145
java.util.concurrent.CompletionException: java.lang.ArrayIndexOutOfBoundsException: 7145
	at java.util.concurrent.CompletableFuture.encodeThrowable(Unknown Source)
	at java.util.concurrent.CompletableFuture.completeThrowable(Unknown Source)
	at java.util.concurrent.CompletableFuture.uniAccept(Unknown Source)
	at java.util.concurrent.CompletableFuture$UniAccept.tryFire(Unknown Source)
	at java.util.concurrent.CompletableFuture.postComplete(Unknown Source)
	at java.util.concurrent.CompletableFuture.completeExceptionally(Unknown Source)
	at scala.meta.internal.metals.CancelTokens$.$anonfun$future$1(CancelTokens.scala:40)
	at scala.meta.internal.metals.CancelTokens$.$anonfun$future$1$adapted(CancelTokens.scala:38)
	at scala.concurrent.impl.Promise$Transformation.run(Promise.scala:484)
	at java.util.concurrent.ThreadPoolExecutor.runWorker(Unknown Source)
	at java.util.concurrent.ThreadPoolExecutor$Worker.run(Unknown Source)
	at java.lang.Thread.run(Unknown Source)
Caused by: java.lang.ArrayIndexOutOfBoundsException: 7145
	at scala.meta.internal.parsing.FoldingRangeExtractor$Foldable$.isScala3BlockWithoutOptionalBraces(FoldingRangeExtractor.scala:248)
	at scala.meta.internal.parsing.FoldingRangeExtractor$Foldable$.unapply(FoldingRangeExtractor.scala:199)
	at scala.meta.internal.parsing.FoldingRangeExtractor.extractFrom(FoldingRangeExtractor.scala:36)
	at scala.meta.internal.parsing.FoldingRangeExtractor.$anonfun$extractFrom$2(FoldingRangeExtractor.scala:56)
	at scala.meta.internal.parsing.FoldingRangeExtractor.$anonfun$extractFrom$2$adapted(FoldingRangeExtractor.scala:51)
	at scala.collection.immutable.List.foreach(List.scala:333)
	at scala.meta.internal.parsing.FoldingRangeExtractor.extractFrom(FoldingRangeExtractor.scala:51)
	at scala.meta.internal.parsing.FoldingRangeExtractor.$anonfun$extractFrom$2(FoldingRangeExtractor.scala:56)
	at scala.meta.internal.parsing.FoldingRangeExtractor.$anonfun$extractFrom$2$adapted(FoldingRangeExtractor.scala:51)
	at scala.collection.immutable.List.foreach(List.scala:333)
	at scala.meta.internal.parsing.FoldingRangeExtractor.extractFrom(FoldingRangeExtractor.scala:51)
	at scala.meta.internal.parsing.FoldingRangeExtractor.$anonfun$extractFrom$2(FoldingRangeExtractor.scala:56)
	at scala.meta.internal.parsing.FoldingRangeExtractor.$anonfun$extractFrom$2$adapted(FoldingRangeExtractor.scala:51)
	at scala.collection.immutable.List.foreach(List.scala:333)
	at scala.meta.internal.parsing.FoldingRangeExtractor.extractFrom(FoldingRangeExtractor.scala:51)
	at scala.meta.internal.parsing.FoldingRangeExtractor.extract(FoldingRangeExtractor.scala:29)
	at scala.meta.internal.parsing.FoldingRangeProvider.$anonfun$getRangedForScala$3(FoldingRangeProvider.scala:40)
	at scala.Option.map(Option.scala:242)
	at scala.meta.internal.parsing.FoldingRangeProvider.$anonfun$getRangedForScala$2(FoldingRangeProvider.scala:33)
	at scala.Option$WithFilter.flatMap(Option.scala:283)
	at scala.meta.internal.parsing.FoldingRangeProvider.getRangedForScala(FoldingRangeProvider.scala:31)
	at scala.meta.internal.metals.MetalsLanguageServer.$anonfun$foldingRange$2(MetalsLanguageServer.scala:1705)
	at scala.concurrent.impl.Promise$Transformation.run(Promise.scala:467)
	... 3 more

2022.08.10 20:00:28 INFO  compiling census_project_git (1 scala source)
2022.08.10 20:00:28 INFO  time: compiled census_project_git in 0.7s
2022.08.10 20:02:59 INFO  compiling census_project_git (1 scala source)
2022.08.10 20:03:02 INFO  time: compiled census_project_git in 2.69s
Aug 10, 2022 8:03:07 PM org.eclipse.lsp4j.jsonrpc.RemoteEndpoint handleCancellation
WARNING: Unmatched cancel notification for request id 93
2022.08.10 20:03:08 INFO  compiling census_project_git (1 scala source)
2022.08.10 20:03:08 INFO  time: compiled census_project_git in 0.64s
2022.08.10 20:03:11 INFO  shutting down Metals
2022.08.10 20:03:11 INFO  Shut down connection with build server.
2022.08.10 20:03:11 INFO  Shut down connection with build server.
2022.08.11 18:19:49 INFO  tracing is disabled for protocol LSP, to enable tracing of incoming and outgoing JSON messages create an empty file at c:\Users\Home\Desktop\reskillng\census_project_git\.metals\lsp.trace.json or C:\Users\Home\AppData\Local\scalameta\metals\cache\lsp.trace.json
2022.08.11 18:19:56 INFO  logging to file C:\Users\Home\Desktop\reskillng\census_project_git\.metals\metals.log
2022.08.11 18:19:56 INFO  Started: Metals version 0.11.8 in workspace 'C:\Users\Home\Desktop\reskillng\census_project_git' for client Visual Studio Code 1.70.1.
2022.08.11 18:19:56 WARN  Can't instantiate JavaInteractiveSemanticdb (version: JdkVersion(8), jdkHome: C:\Program Files\Java\jre1.8.0_333, javac exists: false)
2022.08.11 18:20:01 WARN  Flyway upgrade recommended: H2 2.1.214 is newer than this version of Flyway and support has not been tested. The latest supported version of H2 is 2.1.210.
2022.08.11 18:20:02 INFO  time: initialize in 6.22s
2022.08.11 18:20:04 INFO  Attempting to connect to the build server...
2022.08.11 18:20:04 INFO  Bloop uses C:\Program Files\Java\jre1.8.0_333 defined at C:\Users\Home\.bloop\bloop.json
2022.08.11 18:20:05 INFO  skipping build import with status 'Installed'
2022.08.11 18:20:06 INFO  tracing is disabled for protocol BSP, to enable tracing of incoming and outgoing JSON messages create an empty file at C:\Users\Home\Desktop\reskillng\census_project_git\.metals\bsp.trace.json or C:\Users\Home\AppData\Local\scalameta\metals\cache\bsp.trace.json
2022.08.11 18:20:06 INFO  Attempting to connect to the build server...
2022.08.11 18:20:06 INFO  Bloop uses C:\Program Files\Java\jre1.8.0_333 defined at C:\Users\Home\.bloop\bloop.json
2022.08.11 18:20:06 INFO  tracing is disabled for protocol BSP, to enable tracing of incoming and outgoing JSON messages create an empty file at C:\Users\Home\Desktop\reskillng\census_project_git\project\.metals\bsp.trace.json or C:\Users\Home\AppData\Local\scalameta\metals\cache\bsp.trace.json
2022.08.11 18:20:06 INFO  time: Connected to build server in 2.67s
2022.08.11 18:20:06 INFO  Connected to Build server: Bloop v1.5.2
2022.08.11 18:20:11 INFO  no build target found for C:\Users\Home\Desktop\reskillng\census_project_git\src\main\scala\s3.scala. Using presentation compiler with project's scala-library version: 3.1.3
2022.08.11 18:20:12 INFO  time: code lens generation in 8.15s
2022.08.11 18:20:13 INFO  time: Imported build in 0.49s
2022.08.11 18:20:34 WARN  Could not find java sources in C:\Program Files\Java\src.zip, C:\Program Files\Java\lib\src.zip, C:\Program Files\Java\jre1.8.0_333\src.zip, C:\Program Files\Java\jre1.8.0_333\lib\src.zip. Java symbols will not be available.
2022.08.13 08:30:37 INFO  tracing is disabled for protocol LSP, to enable tracing of incoming and outgoing JSON messages create an empty file at c:\Users\wamee\Documents\GitHub\US-Census-Capstone\.metals\lsp.trace.json or C:\Users\wamee\AppData\Local\scalameta\metals\cache\lsp.trace.json
2022.08.13 08:30:39 INFO  logging to file C:\Users\wamee\Documents\GitHub\US-Census-Capstone\.metals\metals.log
2022.08.13 08:30:39 INFO  Started: Metals version 0.11.8 in workspace 'C:\Users\wamee\Documents\GitHub\US-Census-Capstone' for client Visual Studio Code 1.70.1.
2022.08.13 08:30:46 WARN  Flyway upgrade recommended: H2 2.1.214 is newer than this version of Flyway and support has not been tested. The latest supported version of H2 is 2.1.210.
2022.08.13 08:30:46 INFO  time: initialize in 7.55s
2022.08.13 08:30:49 INFO  Attempting to connect to the build server...
2022.08.13 08:30:49 INFO  Bloop uses C:\Program Files\Java\jdk1.8.0_321\jre defined at C:\Users\wamee\.bloop\bloop.json
2022.08.13 08:30:50 ERROR Starting the bsp launcher for bloop...
2022.08.13 08:30:50 ERROR Opening a bsp server connection with 'bsp --protocol tcp --port 33736'...
2022.08.13 08:30:50 ERROR Waiting for the bsp connection to come up...
2022.08.13 08:30:50 ERROR error: The command bsp --protocol tcp --port 33736 returned with an error
2022.08.13 08:30:50 ERROR > [0m[32m[D][0m Loading workspace settings from bloop.settings.json
2022.08.13 08:30:50 ERROR > [0m[32m[D][0m Loading 2 projects from 'c:\Users\wamee\Documents\GitHub\US-Census-Capstone\.bloop'...
2022.08.13 08:30:50 ERROR > [0m[32m[D][0m Loading project from 'c:\Users\wamee\Documents\GitHub\US-Census-Capstone\.bloop\census_project_git.json'
2022.08.13 08:30:50 ERROR > [0m[32m[D][0m Loading project from 'c:\Users\wamee\Documents\GitHub\US-Census-Capstone\.bloop\census_project_git-test.json'
2022.08.13 08:30:50 ERROR > [0m[33m[W][0m Scala instance jar C:\Users\Home\AppData\Local\Coursier\Cache\v1\https\repo1.maven.org\maven2\org\scala-lang\scala-library\2.11.12\scala-library-2.11.12.jar doesn't exist!
2022.08.13 08:30:50 ERROR > [0m[33m[W][0m Scala instance jar C:\Users\Home\AppData\Local\Coursier\Cache\v1\https\repo1.maven.org\maven2\org\scala-lang\scala-compiler\2.11.12\scala-compiler-2.11.12.jar doesn't exist!
2022.08.13 08:30:50 ERROR > [0m[33m[W][0m Scala instance jar C:\Users\Home\AppData\Local\Coursier\Cache\v1\https\repo1.maven.org\maven2\org\scala-lang\scala-reflect\2.11.12\scala-reflect-2.11.12.jar doesn't exist!
2022.08.13 08:30:50 ERROR > [0m[33m[W][0m Scala instance jar C:\Users\Home\AppData\Local\Coursier\Cache\v1\https\repo1.maven.org\maven2\org\scala-lang\modules\scala-xml_2.11\1.0.5\scala-xml_2.11-1.0.5.jar doesn't exist!
2022.08.13 08:30:50 ERROR > [0m[33m[W][0m Scala instance jar C:\Users\Home\AppData\Local\Coursier\Cache\v1\https\repo1.maven.org\maven2\org\scala-lang\modules\scala-parser-combinators_2.11\1.0.4\scala-parser-combinators_2.11-1.0.4.jar doesn't exist!
2022.08.13 08:30:50 ERROR > [0m[33m[W][0m Scala instance jar C:\Users\Home\AppData\Local\Coursier\Cache\v1\https\repo1.maven.org\maven2\jline\jline\2.14.3\jline-2.14.3.jar doesn't exist!
2022.08.13 08:30:50 ERROR > [0m[32m[D][0m Cache miss for scala instance org.scala-lang:scala-compiler:2.11.12.
2022.08.13 08:30:50 ERROR > [0m[32m[D][0m   => C:\Users\Home\AppData\Local\Coursier\Cache\v1\https\repo1.maven.org\maven2\jline\jline\2.14.3\jline-2.14.3.jar
2022.08.13 08:30:50 ERROR > [0m[32m[D][0m   => C:\Users\Home\AppData\Local\Coursier\Cache\v1\https\repo1.maven.org\maven2\org\scala-lang\modules\scala-parser-combinators_2.11\1.0.4\scala-parser-combinators_2.11-1.0.4.jar
2022.08.13 08:30:50 ERROR > [0m[32m[D][0m   => C:\Users\Home\AppData\Local\Coursier\Cache\v1\https\repo1.maven.org\maven2\org\scala-lang\modules\scala-xml_2.11\1.0.5\scala-xml_2.11-1.0.5.jar
2022.08.13 08:30:50 ERROR > [0m[32m[D][0m   => C:\Users\Home\AppData\Local\Coursier\Cache\v1\https\repo1.maven.org\maven2\org\scala-lang\scala-compiler\2.11.12\scala-compiler-2.11.12.jar
2022.08.13 08:30:50 ERROR > [0m[32m[D][0m   => C:\Users\Home\AppData\Local\Coursier\Cache\v1\https\repo1.maven.org\maven2\org\scala-lang\scala-library\2.11.12\scala-library-2.11.12.jar
2022.08.13 08:30:50 ERROR > [0m[32m[D][0m   => C:\Users\Home\AppData\Local\Coursier\Cache\v1\https\repo1.maven.org\maven2\org\scala-lang\scala-reflect\2.11.12\scala-reflect-2.11.12.jar
2022.08.13 08:30:50 ERROR > [0m[33m[W][0m Scala instance jar C:\Users\Home\AppData\Local\Coursier\Cache\v1\https\repo1.maven.org\maven2\org\scala-lang\scala-library\2.11.12\scala-library-2.11.12.jar doesn't exist!
2022.08.13 08:30:50 ERROR > [0m[33m[W][0m Scala instance jar C:\Users\Home\AppData\Local\Coursier\Cache\v1\https\repo1.maven.org\maven2\org\scala-lang\scala-compiler\2.11.12\scala-compiler-2.11.12.jar doesn't exist!
2022.08.13 08:30:50 ERROR > [0m[33m[W][0m Scala instance jar C:\Users\Home\AppData\Local\Coursier\Cache\v1\https\repo1.maven.org\maven2\org\scala-lang\scala-reflect\2.11.12\scala-reflect-2.11.12.jar doesn't exist!
2022.08.13 08:30:50 ERROR > [0m[32m[D][0m Elapsed: 133.9849 ms
2022.08.13 08:30:50 ERROR > [0m[33m[W][0m Scala instance jar C:\Users\Home\AppData\Local\Coursier\Cache\v1\https\repo1.maven.org\maven2\org\scala-lang\modules\scala-xml_2.11\1.0.5\scala-xml_2.11-1.0.5.jar doesn't exist!
2022.08.13 08:30:50 ERROR > [0m[33m[W][0m Scala instance jar C:\Users\Home\AppData\Local\Coursier\Cache\v1\https\repo1.maven.org\maven2\org\scala-lang\modules\scala-parser-combinators_2.11\1.0.4\scala-parser-combinators_2.11-1.0.4.jar doesn't exist!
2022.08.13 08:30:50 ERROR > [0m[33m[W][0m Scala instance jar C:\Users\Home\AppData\Local\Coursier\Cache\v1\https\repo1.maven.org\maven2\jline\jline\2.14.3\jline-2.14.3.jar doesn't exist!
2022.08.13 08:30:50 ERROR > [0m[32m[D][0m Cache miss for scala instance org.scala-lang:scala-compiler:2.11.12.
2022.08.13 08:30:50 ERROR > [0m[32m[D][0m   => C:\Users\Home\AppData\Local\Coursier\Cache\v1\https\repo1.maven.org\maven2\jline\jline\2.14.3\jline-2.14.3.jar
2022.08.13 08:30:50 ERROR > [0m[31m[E][0m Failed to load project from c:\Users\wamee\Documents\GitHub\US-Census-Capstone\.bloop\census_project_git-test.json
2022.08.13 08:30:50 ERROR > [0m[32m[D][0m   => C:\Users\Home\AppData\Local\Coursier\Cache\v1\https\repo1.maven.org\maven2\org\scala-lang\modules\scala-parser-combinators_2.11\1.0.4\scala-parser-combinators_2.11-1.0.4.jar
2022.08.13 08:30:50 ERROR > [0m[32m[D][0m   => C:\Users\Home\AppData\Local\Coursier\Cache\v1\https\repo1.maven.org\maven2\org\scala-lang\modules\scala-xml_2.11\1.0.5\scala-xml_2.11-1.0.5.jar
2022.08.13 08:30:50 ERROR > [0m[32m[D][0m   => C:\Users\Home\AppData\Local\Coursier\Cache\v1\https\repo1.maven.org\maven2\org\scala-lang\scala-compiler\2.11.12\scala-compiler-2.11.12.jar
2022.08.13 08:30:50 ERROR > [0m[32m[D][0m   => C:\Users\Home\AppData\Local\Coursier\Cache\v1\https\repo1.maven.org\maven2\org\scala-lang\scala-library\2.11.12\scala-library-2.11.12.jar
2022.08.13 08:30:50 ERROR > [0m[32m[D][0m   => C:\Users\Home\AppData\Local\Coursier\Cache\v1\https\repo1.maven.org\maven2\org\scala-lang\scala-reflect\2.11.12\scala-reflect-2.11.12.jar
2022.08.13 08:30:50 ERROR > bloop.data.Project$ProjectReadException: Failed to load project from c:\Users\wamee\Documents\GitHub\US-Census-Capstone\.bloop\census_project_git.json
2022.08.13 08:30:50 ERROR > [0m[36m[T][0m bloop.data.Project$ProjectReadException: Failed to load project from c:\Users\wamee\Documents\GitHub\US-Census-Capstone\.bloop\census_project_git-test.json
2022.08.13 08:30:50 ERROR > 	at bloop.data.Project$.fromBytesAndOrigin(Project.scala:290)
2022.08.13 08:30:50 ERROR > 	at bloop.engine.BuildLoader$.loadProject(BuildLoader.scala:254)
2022.08.13 08:30:50 ERROR > 	at bloop.engine.BuildLoader$.$anonfun$loadBuildIncrementally$3(BuildLoader.scala:61)
2022.08.13 08:30:50 ERROR > 	at monix.eval.internal.TaskRunLoop$.monix$eval$internal$TaskRunLoop$$loop$1(TaskRunLoop.scala:187)
2022.08.13 08:30:50 ERROR > 	at monix.eval.internal.TaskRunLoop$RestartCallback$1.onSuccess(TaskRunLoop.scala:119)
2022.08.13 08:30:50 ERROR > 	at monix.eval.Task$.$anonfun$forkedUnit$2(Task.scala:1463)
2022.08.13 08:30:50 ERROR > 	at java.util.concurrent.ThreadPoolExecutor.runWorker(ThreadPoolExecutor.java:1149)
2022.08.13 08:30:50 ERROR > 	at java.util.concurrent.ThreadPoolExecutor$Worker.run(ThreadPoolExecutor.java:624)
2022.08.13 08:30:50 ERROR > 	at java.lang.Thread.run(Thread.java:750)
2022.08.13 08:30:50 ERROR > [0m[36m[T][0m 	bloop.data.Project$.fromBytesAndOrigin(Project.scala:290)
2022.08.13 08:30:50 ERROR > [0m[36m[T][0m 	bloop.engine.BuildLoader$.loadProject(BuildLoader.scala:254)
2022.08.13 08:30:50 ERROR > [0m[36m[T][0m 	bloop.engine.BuildLoader$.$anonfun$loadBuildIncrementally$3(BuildLoader.scala:61)
2022.08.13 08:30:50 ERROR > [0m[36m[T][0m 	monix.eval.internal.TaskRunLoop$.monix$eval$internal$TaskRunLoop$$loop$1(TaskRunLoop.scala:187)
2022.08.13 08:30:50 ERROR > [0m[36m[T][0m 	monix.eval.internal.TaskRunLoop$RestartCallback$1.onSuccess(TaskRunLoop.scala:119)
2022.08.13 08:30:50 ERROR > [0m[36m[T][0m 	monix.eval.Task$.$anonfun$forkedUnit$2(Task.scala:1463)
2022.08.13 08:30:50 ERROR > [0m[36m[T][0m 	java.util.concurrent.ThreadPoolExecutor.runWorker(ThreadPoolExecutor.java:1149)
2022.08.13 08:30:50 ERROR > [0m[36m[T][0m 	java.util.concurrent.ThreadPoolExecutor$Worker.run(ThreadPoolExecutor.java:624)
2022.08.13 08:30:50 ERROR > [0m[36m[T][0m 	java.lang.Thread.run(Thread.java:750)
2022.08.13 08:30:50 ERROR > Caused by: java.nio.file.NoSuchFileException: C:\Users\Home\AppData\Local\Coursier\Cache\v1\https\repo1.maven.org\maven2\org\scala-lang\scala-library\2.11.12\scala-library-2.11.12.jar
2022.08.13 08:30:50 ERROR > 	at sun.nio.fs.WindowsException.translateToIOException(WindowsException.java:79)
2022.08.13 08:30:50 ERROR > 	at sun.nio.fs.WindowsException.rethrowAsIOException(WindowsException.java:97)
2022.08.13 08:30:50 ERROR > 	at sun.nio.fs.WindowsException.rethrowAsIOException(WindowsException.java:102)
2022.08.13 08:30:50 ERROR > 	at sun.nio.fs.WindowsFileAttributeViews$Basic.readAttributes(WindowsFileAttributeViews.java:53)
2022.08.13 08:30:50 ERROR > 	at sun.nio.fs.WindowsFileAttributeViews$Basic.readAttributes(WindowsFileAttributeViews.java:38)
2022.08.13 08:30:50 ERROR > 	at sun.nio.fs.WindowsFileSystemProvider.readAttributes(WindowsFileSystemProvider.java:193)
2022.08.13 08:30:50 ERROR > 	at java.nio.file.Files.readAttributes(Files.java:1737)
2022.08.13 08:30:50 ERROR > 	at bloop.ScalaInstance.$anonfun$hashCode$1(ScalaInstance.scala:111)
2022.08.13 08:30:50 ERROR > 	at scala.collection.TraversableLike.$anonfun$map$1(TraversableLike.scala:286)
2022.08.13 08:30:50 ERROR > 	at scala.collection.IndexedSeqOptimized.foreach(IndexedSeqOptimized.scala:36)
2022.08.13 08:30:50 ERROR > 	at scala.collection.IndexedSeqOptimized.foreach$(IndexedSeqOptimized.scala:33)
2022.08.13 08:30:50 ERROR > [0m[36m[T][0m Caused by: java.nio.file.NoSuchFileException: C:\Users\Home\AppData\Local\Coursier\Cache\v1\https\repo1.maven.org\maven2\org\scala-lang\scala-library\2.11.12\scala-library-2.11.12.jar
2022.08.13 08:30:50 ERROR > 	at scala.collection.mutable.WrappedArray.foreach(WrappedArray.scala:38)
2022.08.13 08:30:50 ERROR > [0m[36m[T][0m 	sun.nio.fs.WindowsException.translateToIOException(WindowsException.java:79)
2022.08.13 08:30:50 ERROR > 	at scala.collection.TraversableLike.map(TraversableLike.scala:286)
2022.08.13 08:30:50 ERROR > [0m[36m[T][0m 	sun.nio.fs.WindowsException.rethrowAsIOException(WindowsException.java:97)
2022.08.13 08:30:50 ERROR > 	at scala.collection.TraversableLike.map$(TraversableLike.scala:279)
2022.08.13 08:30:50 ERROR > [0m[36m[T][0m 	sun.nio.fs.WindowsException.rethrowAsIOException(WindowsException.java:102)
2022.08.13 08:30:50 ERROR > 	at scala.collection.AbstractTraversable.map(Traversable.scala:108)
2022.08.13 08:30:50 ERROR > [0m[36m[T][0m 	sun.nio.fs.WindowsFileAttributeViews$Basic.readAttributes(WindowsFileAttributeViews.java:53)
2022.08.13 08:30:50 ERROR > 	at bloop.ScalaInstance.<init>(ScalaInstance.scala:107)
2022.08.13 08:30:50 ERROR > [0m[36m[T][0m 	sun.nio.fs.WindowsFileAttributeViews$Basic.readAttributes(WindowsFileAttributeViews.java:38)
2022.08.13 08:30:50 ERROR > 	at bloop.ScalaInstance$.newInstance$1(ScalaInstance.scala:180)
2022.08.13 08:30:50 ERROR > 	at bloop.ScalaInstance$.$anonfun$apply$7(ScalaInstance.scala:185)
2022.08.13 08:30:50 ERROR > 	at java.util.concurrent.ConcurrentHashMap.computeIfAbsent(ConcurrentHashMap.java:1660)
2022.08.13 08:30:50 ERROR > 	at bloop.ScalaInstance$.apply(ScalaInstance.scala:185)
2022.08.13 08:30:50 ERROR > 	at bloop.data.Project$.$anonfun$fromConfig$1(Project.scala:306)
2022.08.13 08:30:50 ERROR > 	at scala.Option.flatMap(Option.scala:271)
2022.08.13 08:30:50 ERROR > 	at bloop.data.Project$.fromConfig(Project.scala:301)
2022.08.13 08:30:50 ERROR > 	at bloop.data.Project$.fromBytesAndOrigin(Project.scala:284)
2022.08.13 08:30:50 ERROR > 	... 8 more
2022.08.13 08:30:50 ERROR > [0m[36m[T][0m 	sun.nio.fs.WindowsFileSystemProvider.readAttributes(WindowsFileSystemProvider.java:193)
2022.08.13 08:30:50 ERROR > [0m[36m[T][0m 	java.nio.file.Files.readAttributes(Files.java:1737)
2022.08.13 08:30:50 ERROR > [0m[36m[T][0m 	bloop.ScalaInstance.$anonfun$hashCode$1(ScalaInstance.scala:111)
2022.08.13 08:30:50 ERROR > [0m[36m[T][0m 	scala.collection.TraversableLike.$anonfun$map$1(TraversableLike.scala:286)
2022.08.13 08:30:50 ERROR > [0m[36m[T][0m 	scala.collection.IndexedSeqOptimized.foreach(IndexedSeqOptimized.scala:36)
2022.08.13 08:30:50 ERROR > [0m[36m[T][0m 	scala.collection.IndexedSeqOptimized.foreach$(IndexedSeqOptimized.scala:33)
2022.08.13 08:30:50 ERROR > [0m[36m[T][0m 	scala.collection.mutable.WrappedArray.foreach(WrappedArray.scala:38)
2022.08.13 08:30:50 ERROR > [0m[36m[T][0m 	scala.collection.TraversableLike.map(TraversableLike.scala:286)
2022.08.13 08:30:50 ERROR > [0m[36m[T][0m 	scala.collection.TraversableLike.map$(TraversableLike.scala:279)
2022.08.13 08:30:50 ERROR > [0m[36m[T][0m 	scala.collection.AbstractTraversable.map(Traversable.scala:108)
2022.08.13 08:30:50 ERROR > [0m[36m[T][0m 	bloop.ScalaInstance.<init>(ScalaInstance.scala:107)
2022.08.13 08:30:50 ERROR > [0m[36m[T][0m 	bloop.ScalaInstance$.newInstance$1(ScalaInstance.scala:180)
2022.08.13 08:30:50 ERROR > [0m[36m[T][0m 	bloop.ScalaInstance$.$anonfun$apply$7(ScalaInstance.scala:185)
2022.08.13 08:30:50 ERROR > [0m[36m[T][0m 	java.util.concurrent.ConcurrentHashMap.computeIfAbsent(ConcurrentHashMap.java:1660)
2022.08.13 08:30:50 ERROR > [0m[36m[T][0m 	bloop.ScalaInstance$.apply(ScalaInstance.scala:185)
2022.08.13 08:30:50 ERROR > [0m[36m[T][0m 	bloop.data.Project$.$anonfun$fromConfig$1(Project.scala:306)
2022.08.13 08:30:50 ERROR > [0m[36m[T][0m 	scala.Option.flatMap(Option.scala:271)
2022.08.13 08:30:50 ERROR > [0m[36m[T][0m 	bloop.data.Project$.fromConfig(Project.scala:301)
2022.08.13 08:30:50 ERROR > [0m[36m[T][0m 	bloop.data.Project$.fromBytesAndOrigin(Project.scala:284)
2022.08.13 08:30:50 ERROR > [0m[36m[T][0m 	bloop.engine.BuildLoader$.loadProject(BuildLoader.scala:254)
2022.08.13 08:30:50 ERROR > [0m[36m[T][0m 	bloop.engine.BuildLoader$.$anonfun$loadBuildIncrementally$3(BuildLoader.scala:61)
2022.08.13 08:30:50 ERROR > [0m[36m[T][0m 	monix.eval.internal.TaskRunLoop$.monix$eval$internal$TaskRunLoop$$loop$1(TaskRunLoop.scala:187)
2022.08.13 08:30:50 ERROR > [0m[36m[T][0m 	monix.eval.internal.TaskRunLoop$RestartCallback$1.onSuccess(TaskRunLoop.scala:119)
2022.08.13 08:30:50 ERROR > [0m[36m[T][0m 	monix.eval.Task$.$anonfun$forkedUnit$2(Task.scala:1463)
2022.08.13 08:30:50 ERROR > [0m[36m[T][0m 	java.util.concurrent.ThreadPoolExecutor.runWorker(ThreadPoolExecutor.java:1149)
2022.08.13 08:30:50 ERROR > [0m[36m[T][0m 	java.util.concurrent.ThreadPoolExecutor$Worker.run(ThreadPoolExecutor.java:624)
2022.08.13 08:30:50 ERROR > [0m[36m[T][0m 	java.lang.Thread.run(Thread.java:750)
2022.08.13 08:30:50 ERROR error: The launcher failed to establish a bsp connection, aborting...
2022.08.13 08:30:50 ERROR Failed to connect with build server, no functionality will work.java.lang.RuntimeException: The server did not start, got FailedToOpenBspConnection
	at bloop.launcher.LauncherMain.failPromise$1(Launcher.scala:92)
	at bloop.launcher.LauncherMain.runLauncher(Launcher.scala:119)
	at scala.meta.internal.metals.BloopServers$$anon$2.run(BloopServers.scala:496)
	at java.util.concurrent.Executors$RunnableAdapter.call(Executors.java:515)
	at java.util.concurrent.FutureTask.run(FutureTask.java:264)
	at java.util.concurrent.ThreadPoolExecutor.runWorker(ThreadPoolExecutor.java:1128)
	at java.util.concurrent.ThreadPoolExecutor$Worker.run(ThreadPoolExecutor.java:628)
	at java.lang.Thread.run(Thread.java:829)

2022.08.13 08:30:55 INFO  running 'C:\Users\wamee\.jabba\jdk\adopt@1.11.0-11\bin\java -Djline.terminal=jline.UnsupportedTerminal -Dsbt.log.noformat=true -Dfile.encoding=UTF-8 -jar C:\Users\wamee\AppData\Local\Temp\metals14063063835467856757\sbt-launch.jar -Dbloop.export-jar-classifiers=sources bloopInstall'
2022.08.13 08:31:01 INFO  [info] welcome to sbt 1.6.2 (AdoptOpenJDK Java 11.0.11)
2022.08.13 08:31:02 INFO  [info] loading settings for project us-census-capstone-build-build from metals.sbt ...
2022.08.13 08:31:03 INFO  [info] loading project definition from C:\Users\wamee\Documents\GitHub\US-Census-Capstone\project\project
2022.08.13 08:31:05 INFO  [info] loading settings for project us-census-capstone-build from metals.sbt ...
2022.08.13 08:31:05 INFO  [info] loading project definition from C:\Users\wamee\Documents\GitHub\US-Census-Capstone\project
2022.08.13 08:31:10 INFO  [success] Generated .bloop\us-census-capstone-build.json
2022.08.13 08:31:10 INFO  [success] Total time: 4 s, completed Aug 13, 2022, 8:31:10 AM
2022.08.13 08:31:10 INFO  [info] loading settings for project us-census-capstone from build.sbt ...
2022.08.13 08:31:10 INFO  [info] set current project to project2 (in build file:/C:/Users/wamee/Documents/GitHub/US-Census-Capstone/)
2022.08.13 08:31:16 INFO  [warn] scala-library-2.11.12-sources.jar no longer exists at C:\Users\Home\AppData\Local\Coursier\Cache\v1\https\repo1.maven.org\maven2\org\scala-lang\scala-library\2.11.12\scala-library-2.11.12-sources.jar
2022.08.13 08:31:18 INFO  [success] Generated .bloop\us-census-capstone-test.json
2022.08.13 08:31:18 INFO  [success] Generated .bloop\us-census-capstone.json
2022.08.13 08:31:18 INFO  [warn] Removed stale C:\Users\wamee\Documents\GitHub\US-Census-Capstone\.bloop\census_project_git-test.json
2022.08.13 08:31:18 INFO  [warn] Removed stale C:\Users\wamee\Documents\GitHub\US-Census-Capstone\.bloop\census_project_git.json
2022.08.13 08:31:18 INFO  [success] Total time: 8 s, completed Aug 13, 2022, 8:31:18 AM
2022.08.13 08:31:19 INFO  time: ran 'sbt bloopInstall' in 23s
2022.08.13 08:31:19 INFO  Attempting to connect to the build server...
2022.08.13 08:31:19 INFO  Bloop uses C:\Program Files\Java\jdk1.8.0_321\jre defined at C:\Users\wamee\.bloop\bloop.json
2022.08.13 08:31:19 INFO  tracing is disabled for protocol BSP, to enable tracing of incoming and outgoing JSON messages create an empty file at C:\Users\wamee\Documents\GitHub\US-Census-Capstone\.metals\bsp.trace.json or C:\Users\wamee\AppData\Local\scalameta\metals\cache\bsp.trace.json
2022.08.13 08:31:19 INFO  Attempting to connect to the build server...
2022.08.13 08:31:19 INFO  Bloop uses C:\Program Files\Java\jdk1.8.0_321\jre defined at C:\Users\wamee\.bloop\bloop.json
2022.08.13 08:31:19 INFO  tracing is disabled for protocol BSP, to enable tracing of incoming and outgoing JSON messages create an empty file at C:\Users\wamee\Documents\GitHub\US-Census-Capstone\project\.metals\bsp.trace.json or C:\Users\wamee\AppData\Local\scalameta\metals\cache\bsp.trace.json
2022.08.13 08:31:19 INFO  time: Connected to build server in 0.14s
2022.08.13 08:31:19 INFO  Connected to Build server: Bloop v1.5.3
2022.08.13 08:31:19 INFO  time: Imported build in 0.42s
2022.08.13 08:31:35 INFO  time: indexed workspace in 15s
Aug 13, 2022 8:32:53 AM org.eclipse.lsp4j.jsonrpc.services.GenericEndpoint notify
INFO: Unsupported notification method: $/setTrace
